[2019-10-17 16:53:04.928] [exthost] [info] extension host started
[2019-10-17 16:53:04.991] [exthost] [info] ExtensionService#_doActivateExtension vscode.debug-auto-launch {"startup":true,"extensionId":{"value":"vscode.debug-auto-launch","_lower":"vscode.debug-auto-launch"},"activationEvent":"*"}
[2019-10-17 16:53:04.992] [exthost] [info] ExtensionService#loadCommonJSModule file:///c:/Users/PatkarMa/AppData/Local/Programs/Microsoft VS Code/resources/app/extensions/debug-auto-launch/dist/extension
[2019-10-17 16:53:05.026] [exthost] [info] ExtensionService#_doActivateExtension vscode.emmet {"startup":true,"extensionId":{"value":"vscode.emmet","_lower":"vscode.emmet"},"activationEvent":"*"}
[2019-10-17 16:53:05.026] [exthost] [info] ExtensionService#loadCommonJSModule file:///c:/Users/PatkarMa/AppData/Local/Programs/Microsoft VS Code/resources/app/extensions/emmet/dist/extension
[2019-10-17 16:53:05.089] [exthost] [info] ExtensionService#_doActivateExtension vscode.git {"startup":true,"extensionId":{"value":"vscode.git","_lower":"vscode.git"},"activationEvent":"*"}
[2019-10-17 16:53:05.089] [exthost] [info] ExtensionService#loadCommonJSModule file:///c:/Users/PatkarMa/AppData/Local/Programs/Microsoft VS Code/resources/app/extensions/git/dist/main
[2019-10-17 16:53:05.534] [exthost] [info] ExtensionService#_doActivateExtension vscode.merge-conflict {"startup":true,"extensionId":{"value":"vscode.merge-conflict","_lower":"vscode.merge-conflict"},"activationEvent":"*"}
[2019-10-17 16:53:05.534] [exthost] [info] ExtensionService#loadCommonJSModule file:///c:/Users/PatkarMa/AppData/Local/Programs/Microsoft VS Code/resources/app/extensions/merge-conflict/dist/extension
[2019-10-17 16:53:05.646] [exthost] [info] ExtensionService#_doActivateExtension vscode.npm {"startup":true,"extensionId":{"value":"vscode.npm","_lower":"vscode.npm"},"activationEvent":"workspaceContains:package.json"}
[2019-10-17 16:53:05.646] [exthost] [info] ExtensionService#loadCommonJSModule file:///c:/Users/PatkarMa/AppData/Local/Programs/Microsoft VS Code/resources/app/extensions/npm/dist/main
[2019-10-17 16:53:05.813] [exthost] [info] eager extensions activated
[2019-10-17 16:54:05.865] [exthost] [info] ExtensionService#_doActivateExtension vscode.configuration-editing {"startup":false,"extensionId":{"value":"vscode.configuration-editing","_lower":"vscode.configuration-editing"},"activationEvent":"onLanguage:jsonc"}
[2019-10-17 16:54:05.865] [exthost] [info] ExtensionService#loadCommonJSModule file:///c:/Users/PatkarMa/AppData/Local/Programs/Microsoft VS Code/resources/app/extensions/configuration-editing/dist/extension
[2019-10-17 16:54:05.942] [exthost] [info] ExtensionService#_doActivateExtension vscode.json-language-features {"startup":false,"extensionId":{"value":"vscode.json-language-features","_lower":"vscode.json-language-features"},"activationEvent":"onLanguage:jsonc"}
[2019-10-17 16:54:05.942] [exthost] [info] ExtensionService#loadCommonJSModule file:///c:/Users/PatkarMa/AppData/Local/Programs/Microsoft VS Code/resources/app/extensions/json-language-features/client/dist/jsonMain
[2019-10-17 16:54:06.031] [exthost] [info] ExtensionService#_doActivateExtension vscode.typescript-language-features {"startup":false,"extensionId":{"value":"vscode.typescript-language-features","_lower":"vscode.typescript-language-features"},"activationEvent":"onLanguage:jsonc"}
[2019-10-17 16:54:06.031] [exthost] [info] ExtensionService#loadCommonJSModule file:///c:/Users/PatkarMa/AppData/Local/Programs/Microsoft VS Code/resources/app/extensions/typescript-language-features/dist/extension
[2019-10-17 17:01:44.874] [exthost] [info] ExtensionService#_doActivateExtension vscode.debug-server-ready {"startup":false,"extensionId":{"value":"vscode.debug-server-ready","_lower":"vscode.debug-server-ready"},"activationEvent":"onDebugResolve"}
[2019-10-17 17:01:44.874] [exthost] [info] ExtensionService#loadCommonJSModule file:///c:/Users/PatkarMa/AppData/Local/Programs/Microsoft VS Code/resources/app/extensions/debug-server-ready/dist/extension
[2019-10-17 17:01:44.886] [exthost] [info] ExtensionService#_doActivateExtension ms-vscode.node-debug2 {"startup":false,"extensionId":{"value":"ms-vscode.node-debug","_lower":"ms-vscode.node-debug"},"activationEvent":"onDebugResolve:node"}
[2019-10-17 17:01:44.886] [exthost] [info] ExtensionService#loadCommonJSModule file:///c:/Users/PatkarMa/AppData/Local/Programs/Microsoft VS Code/resources/app/extensions/ms-vscode.node-debug2/out/src/extension
[2019-10-17 17:01:44.919] [exthost] [info] ExtensionService#_doActivateExtension ms-vscode.node-debug {"startup":false,"extensionId":{"value":"ms-vscode.node-debug","_lower":"ms-vscode.node-debug"},"activationEvent":"onDebugResolve:node"}
[2019-10-17 17:01:44.919] [exthost] [info] ExtensionService#loadCommonJSModule file:///c:/Users/PatkarMa/AppData/Local/Programs/Microsoft VS Code/resources/app/extensions/ms-vscode.node-debug/dist/extension.js
[2019-10-17 17:07:49.283] [exthost] [info] ExtensionService#_doActivateExtension vscode.extension-editing {"startup":false,"extensionId":{"value":"vscode.extension-editing","_lower":"vscode.extension-editing"},"activationEvent":"onLanguage:typescript"}
[2019-10-17 17:07:49.283] [exthost] [info] ExtensionService#loadCommonJSModule file:///c:/Users/PatkarMa/AppData/Local/Programs/Microsoft VS Code/resources/app/extensions/extension-editing/dist/extension
[2019-10-18 15:23:24.795] [exthost] [error] [vscode.typescript-language-features] provider FAILED
[2019-10-18 15:23:24.797] [exthost] [error] Error: <semantic> TypeScript Server Error (3.6.3)
Cannot read property 'emitNode' of undefined
TypeError: Cannot read property 'emitNode' of undefined
    at Object.getCommentRange (tsserver.js:65828:29)
    at emitNodeList (tsserver.js:89502:51)
    at emitList (tsserver.js:89381:13)
    at Object.writeList (tsserver.js:86818:13)
    at tsserver.js:110952:29
    at Object.mapToDisplayParts (tsserver.js:100181:13)
    at itemInfoForParameters (tsserver.js:110949:41)
    at getSignatureHelpItem (tsserver.js:110915:95)
    at tsserver.js:110888:79
    at Array.map (<anonymous>)
    at createSignatureHelpItems (tsserver.js:110888:36)
    at tsserver.js:110480:23
    at Object.runWithCancellationToken (tsserver.js:32458:28)
    at Object.getSignatureHelpItems (tsserver.js:110478:32)
    at Object.getSignatureHelpItems (tsserver.js:125709:37)
    at IOSession.Session.getSignatureHelpItems (tsserver.js:134816:62)
    at Session.handlers.ts.createMapFromTemplate._a.(anonymous function) (tsserver.js:133744:61)
    at tsserver.js:135256:88
    at IOSession.Session.executeWithRequestId (tsserver.js:135247:28)
    at IOSession.Session.executeCommand (tsserver.js:135256:33)
    at IOSession.Session.onMessage (tsserver.js:135279:35)
    at Interface.<anonymous> (tsserver.js:136594:27)
    at Interface.emit (events.js:182:13)
    at Interface._onLine (readline.js:290:10)
    at Interface._normalWrite (readline.js:433:12)
    at Socket.ondata (readline.js:149:10)
    at Socket.emit (events.js:182:13)
    at addChunk (_stream_readable.js:283:12)
    at readableAddChunk (_stream_readable.js:264:11)
    at Socket.Readable.push (_stream_readable.js:219:10)
    at Pipe.onStreamRead [as onread] (internal/stream_base_commons.js:94:17)
	at Function.create (c:\Users\PatkarMa\AppData\Local\Programs\Microsoft VS Code\resources\app\extensions\typescript-language-features\dist\extension.js:53:63415)
	at h.dispatchResponse (c:\Users\PatkarMa\AppData\Local\Programs\Microsoft VS Code\resources\app\extensions\typescript-language-features\dist\extension.js:53:56570)
	at h.dispatchMessage (c:\Users\PatkarMa\AppData\Local\Programs\Microsoft VS Code\resources\app\extensions\typescript-language-features\dist\extension.js:53:55468)
	at _reader.onData.e (c:\Users\PatkarMa\AppData\Local\Programs\Microsoft VS Code\resources\app\extensions\typescript-language-features\dist\extension.js:53:54944)
	at l.fire (c:\Users\PatkarMa\AppData\Local\Programs\Microsoft VS Code\resources\app\out\vs\workbench\services\extensions\node\extensionHostProcess.js:50:519)
	at t.Reader.onLengthData (c:\Users\PatkarMa\AppData\Local\Programs\Microsoft VS Code\resources\app\extensions\typescript-language-features\dist\extension.js:53:61635)
	at Socket.e.on.e (c:\Users\PatkarMa\AppData\Local\Programs\Microsoft VS Code\resources\app\extensions\typescript-language-features\dist\extension.js:53:61283)
	at Socket.emit (events.js:182:13)
	at addChunk (_stream_readable.js:283:12)
	at readableAddChunk (_stream_readable.js:264:11)
	at Socket.Readable.push (_stream_readable.js:219:10)
	at Pipe.onStreamRead [as onread] (internal/stream_base_commons.js:94:17)
[2019-10-18 15:23:42.887] [exthost] [error] [vscode.typescript-language-features] provider FAILED
[2019-10-18 15:23:42.887] [exthost] [error] Error: <semantic> TypeScript Server Error (3.6.3)
Cannot read property 'emitNode' of undefined
TypeError: Cannot read property 'emitNode' of undefined
    at Object.getCommentRange (tsserver.js:65828:29)
    at emitNodeList (tsserver.js:89502:51)
    at emitList (tsserver.js:89381:13)
    at Object.writeList (tsserver.js:86818:13)
    at tsserver.js:110952:29
    at Object.mapToDisplayParts (tsserver.js:100181:13)
    at itemInfoForParameters (tsserver.js:110949:41)
    at getSignatureHelpItem (tsserver.js:110915:95)
    at tsserver.js:110888:79
    at Array.map (<anonymous>)
    at createSignatureHelpItems (tsserver.js:110888:36)
    at tsserver.js:110480:23
    at Object.runWithCancellationToken (tsserver.js:32458:28)
    at Object.getSignatureHelpItems (tsserver.js:110478:32)
    at Object.getSignatureHelpItems (tsserver.js:125709:37)
    at IOSession.Session.getSignatureHelpItems (tsserver.js:134816:62)
    at Session.handlers.ts.createMapFromTemplate._a.(anonymous function) (tsserver.js:133744:61)
    at tsserver.js:135256:88
    at IOSession.Session.executeWithRequestId (tsserver.js:135247:28)
    at IOSession.Session.executeCommand (tsserver.js:135256:33)
    at IOSession.Session.onMessage (tsserver.js:135279:35)
    at Interface.<anonymous> (tsserver.js:136594:27)
    at Interface.emit (events.js:182:13)
    at Interface._onLine (readline.js:290:10)
    at Interface._normalWrite (readline.js:433:12)
    at Socket.ondata (readline.js:149:10)
    at Socket.emit (events.js:182:13)
    at addChunk (_stream_readable.js:283:12)
    at readableAddChunk (_stream_readable.js:264:11)
    at Socket.Readable.push (_stream_readable.js:219:10)
    at Pipe.onStreamRead [as onread] (internal/stream_base_commons.js:94:17)
	at Function.create (c:\Users\PatkarMa\AppData\Local\Programs\Microsoft VS Code\resources\app\extensions\typescript-language-features\dist\extension.js:53:63415)
	at h.dispatchResponse (c:\Users\PatkarMa\AppData\Local\Programs\Microsoft VS Code\resources\app\extensions\typescript-language-features\dist\extension.js:53:56570)
	at h.dispatchMessage (c:\Users\PatkarMa\AppData\Local\Programs\Microsoft VS Code\resources\app\extensions\typescript-language-features\dist\extension.js:53:55468)
	at _reader.onData.e (c:\Users\PatkarMa\AppData\Local\Programs\Microsoft VS Code\resources\app\extensions\typescript-language-features\dist\extension.js:53:54944)
	at l.fire (c:\Users\PatkarMa\AppData\Local\Programs\Microsoft VS Code\resources\app\out\vs\workbench\services\extensions\node\extensionHostProcess.js:50:519)
	at t.Reader.onLengthData (c:\Users\PatkarMa\AppData\Local\Programs\Microsoft VS Code\resources\app\extensions\typescript-language-features\dist\extension.js:53:61635)
	at Socket.e.on.e (c:\Users\PatkarMa\AppData\Local\Programs\Microsoft VS Code\resources\app\extensions\typescript-language-features\dist\extension.js:53:61283)
	at Socket.emit (events.js:182:13)
	at addChunk (_stream_readable.js:283:12)
	at readableAddChunk (_stream_readable.js:264:11)
	at Socket.Readable.push (_stream_readable.js:219:10)
	at Pipe.onStreamRead [as onread] (internal/stream_base_commons.js:94:17)
[2019-10-18 15:23:51.783] [exthost] [error] [vscode.typescript-language-features] provider FAILED
[2019-10-18 15:23:51.783] [exthost] [error] Error: <semantic> TypeScript Server Error (3.6.3)
Cannot read property 'emitNode' of undefined
TypeError: Cannot read property 'emitNode' of undefined
    at Object.getCommentRange (tsserver.js:65828:29)
    at emitNodeList (tsserver.js:89502:51)
    at emitList (tsserver.js:89381:13)
    at Object.writeList (tsserver.js:86818:13)
    at tsserver.js:110952:29
    at Object.mapToDisplayParts (tsserver.js:100181:13)
    at itemInfoForParameters (tsserver.js:110949:41)
    at getSignatureHelpItem (tsserver.js:110915:95)
    at tsserver.js:110888:79
    at Array.map (<anonymous>)
    at createSignatureHelpItems (tsserver.js:110888:36)
    at tsserver.js:110480:23
    at Object.runWithCancellationToken (tsserver.js:32458:28)
    at Object.getSignatureHelpItems (tsserver.js:110478:32)
    at Object.getSignatureHelpItems (tsserver.js:125709:37)
    at IOSession.Session.getSignatureHelpItems (tsserver.js:134816:62)
    at Session.handlers.ts.createMapFromTemplate._a.(anonymous function) (tsserver.js:133744:61)
    at tsserver.js:135256:88
    at IOSession.Session.executeWithRequestId (tsserver.js:135247:28)
    at IOSession.Session.executeCommand (tsserver.js:135256:33)
    at IOSession.Session.onMessage (tsserver.js:135279:35)
    at Interface.<anonymous> (tsserver.js:136594:27)
    at Interface.emit (events.js:182:13)
    at Interface._onLine (readline.js:290:10)
    at Interface._normalWrite (readline.js:433:12)
    at Socket.ondata (readline.js:149:10)
    at Socket.emit (events.js:182:13)
    at addChunk (_stream_readable.js:283:12)
    at readableAddChunk (_stream_readable.js:264:11)
    at Socket.Readable.push (_stream_readable.js:219:10)
    at Pipe.onStreamRead [as onread] (internal/stream_base_commons.js:94:17)
	at Function.create (c:\Users\PatkarMa\AppData\Local\Programs\Microsoft VS Code\resources\app\extensions\typescript-language-features\dist\extension.js:53:63415)
	at h.dispatchResponse (c:\Users\PatkarMa\AppData\Local\Programs\Microsoft VS Code\resources\app\extensions\typescript-language-features\dist\extension.js:53:56570)
	at h.dispatchMessage (c:\Users\PatkarMa\AppData\Local\Programs\Microsoft VS Code\resources\app\extensions\typescript-language-features\dist\extension.js:53:55468)
	at _reader.onData.e (c:\Users\PatkarMa\AppData\Local\Programs\Microsoft VS Code\resources\app\extensions\typescript-language-features\dist\extension.js:53:54944)
	at l.fire (c:\Users\PatkarMa\AppData\Local\Programs\Microsoft VS Code\resources\app\out\vs\workbench\services\extensions\node\extensionHostProcess.js:50:519)
	at t.Reader.onLengthData (c:\Users\PatkarMa\AppData\Local\Programs\Microsoft VS Code\resources\app\extensions\typescript-language-features\dist\extension.js:53:61635)
	at Socket.e.on.e (c:\Users\PatkarMa\AppData\Local\Programs\Microsoft VS Code\resources\app\extensions\typescript-language-features\dist\extension.js:53:61283)
	at Socket.emit (events.js:182:13)
	at addChunk (_stream_readable.js:283:12)
	at readableAddChunk (_stream_readable.js:264:11)
	at Socket.Readable.push (_stream_readable.js:219:10)
	at Pipe.onStreamRead [as onread] (internal/stream_base_commons.js:94:17)
[2019-10-18 15:24:19.206] [exthost] [error] [vscode.typescript-language-features] provider FAILED
[2019-10-18 15:24:19.206] [exthost] [error] Error: <semantic> TypeScript Server Error (3.6.3)
Cannot read property 'emitNode' of undefined
TypeError: Cannot read property 'emitNode' of undefined
    at Object.getCommentRange (tsserver.js:65828:29)
    at emitNodeList (tsserver.js:89502:51)
    at emitList (tsserver.js:89381:13)
    at Object.writeList (tsserver.js:86818:13)
    at tsserver.js:110952:29
    at Object.mapToDisplayParts (tsserver.js:100181:13)
    at itemInfoForParameters (tsserver.js:110949:41)
    at getSignatureHelpItem (tsserver.js:110915:95)
    at tsserver.js:110888:79
    at Array.map (<anonymous>)
    at createSignatureHelpItems (tsserver.js:110888:36)
    at tsserver.js:110480:23
    at Object.runWithCancellationToken (tsserver.js:32458:28)
    at Object.getSignatureHelpItems (tsserver.js:110478:32)
    at Object.getSignatureHelpItems (tsserver.js:125709:37)
    at IOSession.Session.getSignatureHelpItems (tsserver.js:134816:62)
    at Session.handlers.ts.createMapFromTemplate._a.(anonymous function) (tsserver.js:133744:61)
    at tsserver.js:135256:88
    at IOSession.Session.executeWithRequestId (tsserver.js:135247:28)
    at IOSession.Session.executeCommand (tsserver.js:135256:33)
    at IOSession.Session.onMessage (tsserver.js:135279:35)
    at Interface.<anonymous> (tsserver.js:136594:27)
    at Interface.emit (events.js:182:13)
    at Interface._onLine (readline.js:290:10)
    at Interface._normalWrite (readline.js:433:12)
    at Socket.ondata (readline.js:149:10)
    at Socket.emit (events.js:182:13)
    at addChunk (_stream_readable.js:283:12)
    at readableAddChunk (_stream_readable.js:264:11)
    at Socket.Readable.push (_stream_readable.js:219:10)
    at Pipe.onStreamRead [as onread] (internal/stream_base_commons.js:94:17)
	at Function.create (c:\Users\PatkarMa\AppData\Local\Programs\Microsoft VS Code\resources\app\extensions\typescript-language-features\dist\extension.js:53:63415)
	at h.dispatchResponse (c:\Users\PatkarMa\AppData\Local\Programs\Microsoft VS Code\resources\app\extensions\typescript-language-features\dist\extension.js:53:56570)
	at h.dispatchMessage (c:\Users\PatkarMa\AppData\Local\Programs\Microsoft VS Code\resources\app\extensions\typescript-language-features\dist\extension.js:53:55468)
	at _reader.onData.e (c:\Users\PatkarMa\AppData\Local\Programs\Microsoft VS Code\resources\app\extensions\typescript-language-features\dist\extension.js:53:54944)
	at l.fire (c:\Users\PatkarMa\AppData\Local\Programs\Microsoft VS Code\resources\app\out\vs\workbench\services\extensions\node\extensionHostProcess.js:50:519)
	at t.Reader.onLengthData (c:\Users\PatkarMa\AppData\Local\Programs\Microsoft VS Code\resources\app\extensions\typescript-language-features\dist\extension.js:53:61635)
	at Socket.e.on.e (c:\Users\PatkarMa\AppData\Local\Programs\Microsoft VS Code\resources\app\extensions\typescript-language-features\dist\extension.js:53:61283)
	at Socket.emit (events.js:182:13)
	at addChunk (_stream_readable.js:283:12)
	at readableAddChunk (_stream_readable.js:264:11)
	at Socket.Readable.push (_stream_readable.js:219:10)
	at Pipe.onStreamRead [as onread] (internal/stream_base_commons.js:94:17)
[2019-10-22 12:49:20.910] [exthost] [error] [vscode.typescript-language-features] provider FAILED
[2019-10-22 12:49:20.911] [exthost] [error] Error: <semantic> TypeScript Server Error (3.6.3)
Debug Failure.
Error: Debug Failure.
    at Object.assertDefined (tsserver.js:2101:24)
    at getRangeToExtract (tsserver.js:122874:43)
    at Object.getAvailableActions (tsserver.js:122838:28)
    at tsserver.js:115901:128
    at getIterator (tsserver.js:637:23)
    at Object.next (tsserver.js:632:35)
    at Object.arrayFrom (tsserver.js:1276:88)
    at Object.getApplicableRefactors (tsserver.js:115900:23)
    at Object.getApplicableRefactors (tsserver.js:126101:32)
    at IOSession.Session.getApplicableRefactors (tsserver.js:135013:53)
    at Session.handlers.ts.createMapFromTemplate._a.(anonymous function) (tsserver.js:133868:61)
    at tsserver.js:135256:88
    at IOSession.Session.executeWithRequestId (tsserver.js:135247:28)
    at IOSession.Session.executeCommand (tsserver.js:135256:33)
    at IOSession.Session.onMessage (tsserver.js:135279:35)
    at Interface.<anonymous> (tsserver.js:136594:27)
    at Interface.emit (events.js:182:13)
    at Interface._onLine (readline.js:290:10)
    at Interface._normalWrite (readline.js:433:12)
    at Socket.ondata (readline.js:149:10)
    at Socket.emit (events.js:182:13)
    at addChunk (_stream_readable.js:283:12)
    at readableAddChunk (_stream_readable.js:264:11)
    at Socket.Readable.push (_stream_readable.js:219:10)
    at Pipe.onStreamRead [as onread] (internal/stream_base_commons.js:94:17)
	at Function.create (c:\Users\PatkarMa\AppData\Local\Programs\Microsoft VS Code\resources\app\extensions\typescript-language-features\dist\extension.js:53:63415)
	at h.dispatchResponse (c:\Users\PatkarMa\AppData\Local\Programs\Microsoft VS Code\resources\app\extensions\typescript-language-features\dist\extension.js:53:56570)
	at h.dispatchMessage (c:\Users\PatkarMa\AppData\Local\Programs\Microsoft VS Code\resources\app\extensions\typescript-language-features\dist\extension.js:53:55468)
	at _reader.onData.e (c:\Users\PatkarMa\AppData\Local\Programs\Microsoft VS Code\resources\app\extensions\typescript-language-features\dist\extension.js:53:54944)
	at l.fire (c:\Users\PatkarMa\AppData\Local\Programs\Microsoft VS Code\resources\app\out\vs\workbench\services\extensions\node\extensionHostProcess.js:50:519)
	at t.Reader.onLengthData (c:\Users\PatkarMa\AppData\Local\Programs\Microsoft VS Code\resources\app\extensions\typescript-language-features\dist\extension.js:53:61635)
	at Socket.e.on.e (c:\Users\PatkarMa\AppData\Local\Programs\Microsoft VS Code\resources\app\extensions\typescript-language-features\dist\extension.js:53:61283)
	at Socket.emit (events.js:182:13)
	at addChunk (_stream_readable.js:283:12)
	at readableAddChunk (_stream_readable.js:264:11)
	at Socket.Readable.push (_stream_readable.js:219:10)
	at Pipe.onStreamRead [as onread] (internal/stream_base_commons.js:94:17)
[2019-10-22 12:49:31.803] [exthost] [error] [vscode.typescript-language-features] provider FAILED
[2019-10-22 12:49:31.803] [exthost] [error] Error: <semantic> TypeScript Server Error (3.6.3)
Debug Failure.
Error: Debug Failure.
    at Object.assertDefined (tsserver.js:2101:24)
    at getRangeToExtract (tsserver.js:122874:43)
    at Object.getAvailableActions (tsserver.js:122838:28)
    at tsserver.js:115901:128
    at getIterator (tsserver.js:637:23)
    at Object.next (tsserver.js:632:35)
    at Object.arrayFrom (tsserver.js:1276:88)
    at Object.getApplicableRefactors (tsserver.js:115900:23)
    at Object.getApplicableRefactors (tsserver.js:126101:32)
    at IOSession.Session.getApplicableRefactors (tsserver.js:135013:53)
    at Session.handlers.ts.createMapFromTemplate._a.(anonymous function) (tsserver.js:133868:61)
    at tsserver.js:135256:88
    at IOSession.Session.executeWithRequestId (tsserver.js:135247:28)
    at IOSession.Session.executeCommand (tsserver.js:135256:33)
    at IOSession.Session.onMessage (tsserver.js:135279:35)
    at Interface.<anonymous> (tsserver.js:136594:27)
    at Interface.emit (events.js:182:13)
    at Interface._onLine (readline.js:290:10)
    at Interface._normalWrite (readline.js:433:12)
    at Socket.ondata (readline.js:149:10)
    at Socket.emit (events.js:182:13)
    at addChunk (_stream_readable.js:283:12)
    at readableAddChunk (_stream_readable.js:264:11)
    at Socket.Readable.push (_stream_readable.js:219:10)
    at Pipe.onStreamRead [as onread] (internal/stream_base_commons.js:94:17)
	at Function.create (c:\Users\PatkarMa\AppData\Local\Programs\Microsoft VS Code\resources\app\extensions\typescript-language-features\dist\extension.js:53:63415)
	at h.dispatchResponse (c:\Users\PatkarMa\AppData\Local\Programs\Microsoft VS Code\resources\app\extensions\typescript-language-features\dist\extension.js:53:56570)
	at h.dispatchMessage (c:\Users\PatkarMa\AppData\Local\Programs\Microsoft VS Code\resources\app\extensions\typescript-language-features\dist\extension.js:53:55468)
	at _reader.onData.e (c:\Users\PatkarMa\AppData\Local\Programs\Microsoft VS Code\resources\app\extensions\typescript-language-features\dist\extension.js:53:54944)
	at l.fire (c:\Users\PatkarMa\AppData\Local\Programs\Microsoft VS Code\resources\app\out\vs\workbench\services\extensions\node\extensionHostProcess.js:50:519)
	at t.Reader.onLengthData (c:\Users\PatkarMa\AppData\Local\Programs\Microsoft VS Code\resources\app\extensions\typescript-language-features\dist\extension.js:53:61635)
	at Socket.e.on.e (c:\Users\PatkarMa\AppData\Local\Programs\Microsoft VS Code\resources\app\extensions\typescript-language-features\dist\extension.js:53:61283)
	at Socket.emit (events.js:182:13)
	at addChunk (_stream_readable.js:283:12)
	at readableAddChunk (_stream_readable.js:264:11)
	at Socket.Readable.push (_stream_readable.js:219:10)
	at Pipe.onStreamRead [as onread] (internal/stream_base_commons.js:94:17)
[2019-10-23 17:18:01.109] [exthost] [info] extension host started
[2019-10-23 17:18:01.175] [exthost] [info] ExtensionService#_doActivateExtension vscode.debug-auto-launch {"startup":true,"extensionId":{"value":"vscode.debug-auto-launch","_lower":"vscode.debug-auto-launch"},"activationEvent":"*"}
[2019-10-23 17:18:01.175] [exthost] [info] ExtensionService#loadCommonJSModule file:///c:/Users/PatkarMa/AppData/Local/Programs/Microsoft VS Code/resources/app/extensions/debug-auto-launch/dist/extension
[2019-10-23 17:18:01.180] [exthost] [info] ExtensionService#_doActivateExtension vscode.emmet {"startup":true,"extensionId":{"value":"vscode.emmet","_lower":"vscode.emmet"},"activationEvent":"*"}
[2019-10-23 17:18:01.180] [exthost] [info] ExtensionService#loadCommonJSModule file:///c:/Users/PatkarMa/AppData/Local/Programs/Microsoft VS Code/resources/app/extensions/emmet/dist/extension
[2019-10-23 17:18:01.193] [exthost] [info] ExtensionService#_doActivateExtension vscode.git {"startup":true,"extensionId":{"value":"vscode.git","_lower":"vscode.git"},"activationEvent":"*"}
[2019-10-23 17:18:01.193] [exthost] [info] ExtensionService#loadCommonJSModule file:///c:/Users/PatkarMa/AppData/Local/Programs/Microsoft VS Code/resources/app/extensions/git/dist/main
[2019-10-23 17:18:01.215] [exthost] [info] ExtensionService#_doActivateExtension vscode.merge-conflict {"startup":true,"extensionId":{"value":"vscode.merge-conflict","_lower":"vscode.merge-conflict"},"activationEvent":"*"}
[2019-10-23 17:18:01.215] [exthost] [info] ExtensionService#loadCommonJSModule file:///c:/Users/PatkarMa/AppData/Local/Programs/Microsoft VS Code/resources/app/extensions/merge-conflict/dist/extension
[2019-10-23 17:18:01.221] [exthost] [info] ExtensionService#_doActivateExtension vscode.npm {"startup":true,"extensionId":{"value":"vscode.npm","_lower":"vscode.npm"},"activationEvent":"workspaceContains:package.json"}
[2019-10-23 17:18:01.221] [exthost] [info] ExtensionService#loadCommonJSModule file:///c:/Users/PatkarMa/AppData/Local/Programs/Microsoft VS Code/resources/app/extensions/npm/dist/main
[2019-10-23 17:18:01.292] [exthost] [info] eager extensions activated
[2019-10-23 17:19:52.010] [exthost] [info] ExtensionService#_doActivateExtension vscode.extension-editing {"startup":false,"extensionId":{"value":"vscode.extension-editing","_lower":"vscode.extension-editing"},"activationEvent":"onLanguage:markdown"}
[2019-10-23 17:19:52.010] [exthost] [info] ExtensionService#loadCommonJSModule file:///c:/Users/PatkarMa/AppData/Local/Programs/Microsoft VS Code/resources/app/extensions/extension-editing/dist/extension
[2019-10-23 17:19:52.017] [exthost] [info] ExtensionService#_doActivateExtension vscode.markdown-language-features {"startup":false,"extensionId":{"value":"vscode.markdown-language-features","_lower":"vscode.markdown-language-features"},"activationEvent":"onLanguage:markdown"}
[2019-10-23 17:19:52.017] [exthost] [info] ExtensionService#loadCommonJSModule file:///c:/Users/PatkarMa/AppData/Local/Programs/Microsoft VS Code/resources/app/extensions/markdown-language-features/dist/extension
[2019-10-23 17:19:52.508] [exthost] [info] ExtensionService#_doActivateExtension vscode.configuration-editing {"startup":false,"extensionId":{"value":"vscode.configuration-editing","_lower":"vscode.configuration-editing"},"activationEvent":"onLanguage:json"}
[2019-10-23 17:19:52.508] [exthost] [info] ExtensionService#loadCommonJSModule file:///c:/Users/PatkarMa/AppData/Local/Programs/Microsoft VS Code/resources/app/extensions/configuration-editing/dist/extension
[2019-10-23 17:19:52.512] [exthost] [info] ExtensionService#_doActivateExtension vscode.json-language-features {"startup":false,"extensionId":{"value":"vscode.json-language-features","_lower":"vscode.json-language-features"},"activationEvent":"onLanguage:json"}
[2019-10-23 17:19:52.513] [exthost] [info] ExtensionService#loadCommonJSModule file:///c:/Users/PatkarMa/AppData/Local/Programs/Microsoft VS Code/resources/app/extensions/json-language-features/client/dist/jsonMain
[2019-10-23 17:19:53.877] [exthost] [info] ExtensionService#_doActivateExtension vscode.typescript-language-features {"startup":false,"extensionId":{"value":"vscode.typescript-language-features","_lower":"vscode.typescript-language-features"},"activationEvent":"onLanguage:jsonc"}
[2019-10-23 17:19:53.877] [exthost] [info] ExtensionService#loadCommonJSModule file:///c:/Users/PatkarMa/AppData/Local/Programs/Microsoft VS Code/resources/app/extensions/typescript-language-features/dist/extension
