[2019-10-23 16:06:04.924] [exthost] [info] extension host started
[2019-10-23 16:06:04.988] [exthost] [info] ExtensionService#_doActivateExtension vscode.debug-auto-launch {"startup":true,"extensionId":{"value":"vscode.debug-auto-launch","_lower":"vscode.debug-auto-launch"},"activationEvent":"*"}
[2019-10-23 16:06:04.988] [exthost] [info] ExtensionService#loadCommonJSModule file:///c:/Users/PatkarMa/AppData/Local/Programs/Microsoft VS Code/resources/app/extensions/debug-auto-launch/dist/extension
[2019-10-23 16:06:05.017] [exthost] [info] ExtensionService#_doActivateExtension vscode.emmet {"startup":true,"extensionId":{"value":"vscode.emmet","_lower":"vscode.emmet"},"activationEvent":"*"}
[2019-10-23 16:06:05.017] [exthost] [info] ExtensionService#loadCommonJSModule file:///c:/Users/PatkarMa/AppData/Local/Programs/Microsoft VS Code/resources/app/extensions/emmet/dist/extension
[2019-10-23 16:06:05.113] [exthost] [info] ExtensionService#_doActivateExtension vscode.git {"startup":true,"extensionId":{"value":"vscode.git","_lower":"vscode.git"},"activationEvent":"*"}
[2019-10-23 16:06:05.113] [exthost] [info] ExtensionService#loadCommonJSModule file:///c:/Users/PatkarMa/AppData/Local/Programs/Microsoft VS Code/resources/app/extensions/git/dist/main
[2019-10-23 16:06:05.248] [exthost] [info] ExtensionService#_doActivateExtension vscode.merge-conflict {"startup":true,"extensionId":{"value":"vscode.merge-conflict","_lower":"vscode.merge-conflict"},"activationEvent":"*"}
[2019-10-23 16:06:05.249] [exthost] [info] ExtensionService#loadCommonJSModule file:///c:/Users/PatkarMa/AppData/Local/Programs/Microsoft VS Code/resources/app/extensions/merge-conflict/dist/extension
[2019-10-23 16:06:05.300] [exthost] [info] eager extensions activated
[2019-10-23 16:06:37.004] [exthost] [info] extension host started
[2019-10-23 16:06:37.040] [exthost] [info] ExtensionService#_doActivateExtension vscode.debug-auto-launch {"startup":true,"extensionId":{"value":"vscode.debug-auto-launch","_lower":"vscode.debug-auto-launch"},"activationEvent":"*"}
[2019-10-23 16:06:37.041] [exthost] [info] ExtensionService#loadCommonJSModule file:///c:/Users/PatkarMa/AppData/Local/Programs/Microsoft VS Code/resources/app/extensions/debug-auto-launch/dist/extension
[2019-10-23 16:06:37.045] [exthost] [info] ExtensionService#_doActivateExtension vscode.emmet {"startup":true,"extensionId":{"value":"vscode.emmet","_lower":"vscode.emmet"},"activationEvent":"*"}
[2019-10-23 16:06:37.045] [exthost] [info] ExtensionService#loadCommonJSModule file:///c:/Users/PatkarMa/AppData/Local/Programs/Microsoft VS Code/resources/app/extensions/emmet/dist/extension
[2019-10-23 16:06:37.057] [exthost] [info] ExtensionService#_doActivateExtension vscode.git {"startup":true,"extensionId":{"value":"vscode.git","_lower":"vscode.git"},"activationEvent":"*"}
[2019-10-23 16:06:37.057] [exthost] [info] ExtensionService#loadCommonJSModule file:///c:/Users/PatkarMa/AppData/Local/Programs/Microsoft VS Code/resources/app/extensions/git/dist/main
[2019-10-23 16:06:37.076] [exthost] [info] ExtensionService#_doActivateExtension vscode.merge-conflict {"startup":true,"extensionId":{"value":"vscode.merge-conflict","_lower":"vscode.merge-conflict"},"activationEvent":"*"}
[2019-10-23 16:06:37.076] [exthost] [info] ExtensionService#loadCommonJSModule file:///c:/Users/PatkarMa/AppData/Local/Programs/Microsoft VS Code/resources/app/extensions/merge-conflict/dist/extension
[2019-10-23 16:06:37.082] [exthost] [info] ExtensionService#_doActivateExtension vscode.npm {"startup":true,"extensionId":{"value":"vscode.npm","_lower":"vscode.npm"},"activationEvent":"workspaceContains:package.json"}
[2019-10-23 16:06:37.082] [exthost] [info] ExtensionService#loadCommonJSModule file:///c:/Users/PatkarMa/AppData/Local/Programs/Microsoft VS Code/resources/app/extensions/npm/dist/main
[2019-10-23 16:06:37.312] [exthost] [info] eager extensions activated
[2019-10-23 16:08:02.828] [exthost] [info] ExtensionService#_doActivateExtension vscode.typescript-language-features {"startup":false,"extensionId":{"value":"vscode.typescript-language-features","_lower":"vscode.typescript-language-features"},"activationEvent":"onLanguage:javascript"}
[2019-10-23 16:08:02.829] [exthost] [info] ExtensionService#loadCommonJSModule file:///c:/Users/PatkarMa/AppData/Local/Programs/Microsoft VS Code/resources/app/extensions/typescript-language-features/dist/extension
[2019-10-23 16:59:27.257] [exthost] [info] ExtensionService#_doActivateExtension vscode.configuration-editing {"startup":false,"extensionId":{"value":"vscode.configuration-editing","_lower":"vscode.configuration-editing"},"activationEvent":"onLanguage:json"}
[2019-10-23 16:59:27.257] [exthost] [info] ExtensionService#loadCommonJSModule file:///c:/Users/PatkarMa/AppData/Local/Programs/Microsoft VS Code/resources/app/extensions/configuration-editing/dist/extension
[2019-10-23 16:59:27.350] [exthost] [info] ExtensionService#_doActivateExtension vscode.extension-editing {"startup":false,"extensionId":{"value":"vscode.extension-editing","_lower":"vscode.extension-editing"},"activationEvent":"onLanguage:json"}
[2019-10-23 16:59:27.350] [exthost] [info] ExtensionService#loadCommonJSModule file:///c:/Users/PatkarMa/AppData/Local/Programs/Microsoft VS Code/resources/app/extensions/extension-editing/dist/extension
[2019-10-23 16:59:27.399] [exthost] [info] ExtensionService#_doActivateExtension vscode.json-language-features {"startup":false,"extensionId":{"value":"vscode.json-language-features","_lower":"vscode.json-language-features"},"activationEvent":"onLanguage:json"}
[2019-10-23 16:59:27.399] [exthost] [info] ExtensionService#loadCommonJSModule file:///c:/Users/PatkarMa/AppData/Local/Programs/Microsoft VS Code/resources/app/extensions/json-language-features/client/dist/jsonMain
