Looking for git in: C:\Program Files\Git\cmd\git.exe
Using git 2.23.0.windows.1 from C:\Program Files\Git\cmd\git.exe
> git rev-parse --show-toplevel
> git rev-parse --git-dir
> git config --get commit.template
Open repository: d:\Workspace\ev_consumer_backend
> git status -z -u
> git symbolic-ref --short HEAD
> git rev-parse master
> git rev-parse --symbolic-full-name master@{u}
> git rev-list --left-right master...refs/remotes/origin/master
> git check-ignore -v -z --stdin
> git for-each-ref --format %(refname) %(objectname) --sort -committerdate
> git remote --verbose
Failed to watch ref 'd:\Workspace\ev_consumer_backend\.git\refs\remotes\origin\master', is most likely packed.
Error: ENOENT: no such file or directory, watch 'd:\Workspace\ev_consumer_backend\.git\refs\remotes\origin\master'
	at FSWatcher.start (internal/fs/watchers.js:164:26)
	at Object.watch (fs.js:1232:11)
	at Object.t.watch (c:\Users\PatkarMa\AppData\Local\Programs\Microsoft VS Code\resources\app\extensions\git\dist\main.js:1:594401)
	at T.updateTransientWatchers (c:\Users\PatkarMa\AppData\Local\Programs\Microsoft VS Code\resources\app\extensions\git\dist\main.js:1:98291)
	at l.fire (c:\Users\PatkarMa\AppData\Local\Programs\Microsoft VS Code\resources\app\out\vs\workbench\services\extensions\node\extensionHostProcess.js:50:539)
	at k.updateModelState (c:\Users\PatkarMa\AppData\Local\Programs\Microsoft VS Code\resources\app\extensions\git\dist\main.js:1:115979)
> git rev-parse --show-toplevel
> git check-ignore -v -z --stdin
> git check-ignore -v -z --stdin
> git show :server/middleware/error-logger.js
> git check-ignore -v -z --stdin
> git show :server/boot/api-interceptor.js
> git show :server/middleware/error-logger.js
> git show :package.json
> git show :server/server.js
> git show :server/config.json
> git show :server/config.local.js
> git show :server/config.json
> git show :server/server.js
> git check-ignore -v -z --stdin
> git check-ignore -v -z --stdin
> git show :common/config/evanios-app.env
> git show :server/config.json
> git show :server/config.local.js
> git show :common/config/evanios-app.env
> git show :server/config.local.js
> git show :common/config/evanios-app.env
> git show :server/config.local.js
> git show :common/config/evanios-app.env
> git show :package.json
> git show :common/config/evanios-app.env
> git show :server/config.json
> git show :server/config.local.js
> git show :server/config.json
> git show :common/config/evanios-app.env
> git show :server/server.js
> git show :package.json
> git show :server/middleware/error-logger.js
> git check-ignore -v -z --stdin
> git show :server/server.js
> git show :server/config.json
> git show :server/server.js
> git show :server/config.json
> git show :server/config.local.js
> git show :server/server.js
> git show :server/config.local.js
> git show :common/config/evanios-app.env
> git show :providers.json
> git check-ignore -v -z --stdin
> git check-ignore -v -z --stdin
> git check-ignore -v -z --stdin
> git show :gandalf/templates/appdir/providers.json
> git show :providers.json
> git show :server/middleware/error-logger.js
> git show :package.json
> git show :server/server.js
> git show :common/config/evanios-app.env
> git show :server/server.js
> git show :common/config/evanios-app.env
> git show :server/server.js
> git check-ignore -v -z --stdin
> git check-ignore -v -z --stdin
> git check-ignore -v -z --stdin
> git check-ignore -v -z --stdin
> git check-ignore -v -z --stdin
> git check-ignore -v -z --stdin
> git show :db/migration/U20180911_tenant_structure.sql
> git check-ignore -v -z --stdin
> git show :db/migration/U20180912_tenant_init_seed.sql
> git check-ignore -v -z --stdin
> git show :common/model-constants/user.json
> git check-ignore -v -z --stdin
> git check-ignore -v -z --stdin
> git show :common/models/user.js
> git check-ignore -v -z --stdin
> git show :server/boot/api-interceptor.js
> git check-ignore -v -z --stdin
> git show :common/services/email-service.js
> git show :common/services/CacheManager.js
> git show :common/services/aws-ses-service.js
> git check-ignore -v -z --stdin
> git show :server/boot/attach-database.js
> git check-ignore -v -z --stdin
> git check-ignore -v -z --stdin
> git show :server/boot/attach-database.js
> git status -z -u
> git symbolic-ref --short HEAD
> git rev-parse master
> git rev-parse --symbolic-full-name master@{u}
> git rev-list --left-right master...refs/remotes/origin/master
> git for-each-ref --format %(refname) %(objectname) --sort -committerdate
> git remote --verbose
Failed to watch ref 'd:\Workspace\ev_consumer_backend\.git\refs\remotes\origin\master', is most likely packed.
Error: ENOENT: no such file or directory, watch 'd:\Workspace\ev_consumer_backend\.git\refs\remotes\origin\master'
	at FSWatcher.start (internal/fs/watchers.js:164:26)
	at Object.watch (fs.js:1232:11)
	at Object.t.watch (c:\Users\PatkarMa\AppData\Local\Programs\Microsoft VS Code\resources\app\extensions\git\dist\main.js:1:594401)
	at T.updateTransientWatchers (c:\Users\PatkarMa\AppData\Local\Programs\Microsoft VS Code\resources\app\extensions\git\dist\main.js:1:98291)
	at l.fire (c:\Users\PatkarMa\AppData\Local\Programs\Microsoft VS Code\resources\app\out\vs\workbench\services\extensions\node\extensionHostProcess.js:50:539)
	at k.updateModelState (c:\Users\PatkarMa\AppData\Local\Programs\Microsoft VS Code\resources\app\extensions\git\dist\main.js:1:115979)
> git rev-parse --show-toplevel
