[2019-10-17 16:52:57.895] [main] [info] update#setState idle
[2019-10-17 16:53:27.901] [main] [info] update#setState checking for updates
[2019-10-17 16:53:28.261] [main] [info] update#setState downloading
[2019-10-17 16:53:28.280] [main] [info] update#setState updating
[2019-10-17 16:53:28.400] [main] [info] update#setState ready
[2019-10-17 16:53:31.639] [main] [info] update#setState idle
[2019-10-17 17:53:27.906] [main] [info] update#setState checking for updates
[2019-10-17 17:53:29.780] [main] [info] update#setState downloading
[2019-10-17 17:53:29.787] [main] [info] update#setState updating
[2019-10-17 17:53:29.967] [main] [info] update#setState ready
[2019-10-17 18:29:15.666] [main] [info] update#setState idle
[2019-10-17 18:53:27.914] [main] [info] update#setState checking for updates
[2019-10-17 18:53:29.825] [main] [info] update#setState downloading
[2019-10-17 18:53:29.834] [main] [info] update#setState updating
[2019-10-17 18:53:30.033] [main] [info] update#setState ready
[2019-10-17 18:53:32.430] [main] [info] update#setState idle
[2019-10-17 22:27:40.989] [main] [info] update#setState checking for updates
[2019-10-17 22:27:42.500] [main] [error] Error: net::ERR_NETWORK_IO_SUSPENDED
[2019-10-17 22:27:42.500] [main] [info] update#setState idle
[2019-10-18 09:54:11.605] [main] [info] update#setState checking for updates
[2019-10-18 09:54:14.220] [main] [error] Error: net::ERR_INTERNET_DISCONNECTED
[2019-10-18 09:54:14.220] [main] [info] update#setState idle
[2019-10-18 10:54:11.603] [main] [info] update#setState checking for updates
[2019-10-18 10:54:15.313] [main] [info] update#setState downloading
[2019-10-18 10:54:15.315] [main] [info] update#setState updating
[2019-10-18 10:54:15.451] [main] [info] update#setState ready
[2019-10-18 10:54:22.502] [main] [info] update#setState idle
[2019-10-18 11:54:11.604] [main] [info] update#setState checking for updates
[2019-10-18 11:54:13.818] [main] [info] update#setState downloading
[2019-10-18 11:54:13.821] [main] [info] update#setState updating
[2019-10-18 11:54:13.995] [main] [info] update#setState ready
[2019-10-18 11:54:18.081] [main] [info] update#setState idle
[2019-10-18 12:54:11.607] [main] [info] update#setState checking for updates
[2019-10-18 12:54:13.723] [main] [info] update#setState downloading
[2019-10-18 12:54:13.726] [main] [info] update#setState updating
[2019-10-18 12:54:13.844] [main] [info] update#setState ready
[2019-10-18 12:54:20.457] [main] [info] update#setState idle
[2019-10-18 13:54:11.608] [main] [info] update#setState checking for updates
[2019-10-18 13:54:15.197] [main] [info] update#setState downloading
[2019-10-18 13:54:15.202] [main] [info] update#setState updating
[2019-10-18 13:54:15.309] [main] [info] update#setState ready
[2019-10-18 15:04:36.331] [main] [info] update#setState idle
[2019-10-18 15:54:11.631] [main] [info] update#setState checking for updates
[2019-10-18 15:54:15.160] [main] [info] update#setState downloading
[2019-10-18 15:54:15.163] [main] [info] update#setState updating
[2019-10-18 15:54:15.412] [main] [info] update#setState ready
[2019-10-18 15:57:48.401] [main] [info] update#setState idle
[2019-10-18 17:26:29.928] [main] [info] update#setState checking for updates
[2019-10-18 17:26:31.486] [main] [error] Error: net::ERR_NETWORK_IO_SUSPENDED
[2019-10-18 17:26:31.486] [main] [info] update#setState idle
[2019-10-18 18:26:29.928] [main] [info] update#setState checking for updates
[2019-10-18 18:26:32.490] [main] [info] update#setState downloading
[2019-10-18 18:26:32.492] [main] [info] update#setState updating
[2019-10-18 18:26:32.947] [main] [info] update#setState ready
[2019-10-20 17:16:22.197] [main] [info] update#setState idle
[2019-10-20 20:48:19.981] [main] [info] update#setState checking for updates
[2019-10-20 20:48:21.697] [main] [error] Error: net::ERR_NETWORK_IO_SUSPENDED
[2019-10-20 20:48:21.697] [main] [info] update#setState idle
[2019-10-22 09:56:02.346] [main] [info] update#setState checking for updates
[2019-10-22 09:56:04.011] [main] [error] Error: net::ERR_NETWORK_IO_SUSPENDED
[2019-10-22 09:56:04.011] [main] [info] update#setState idle
[2019-10-22 10:56:30.943] [main] [info] update#setState checking for updates
[2019-10-22 10:56:32.552] [main] [error] Error: net::ERR_NETWORK_IO_SUSPENDED
[2019-10-22 10:56:32.553] [main] [info] update#setState idle
[2019-10-22 11:56:30.945] [main] [info] update#setState checking for updates
[2019-10-22 11:56:37.998] [main] [info] update#setState downloading
[2019-10-22 11:56:38.000] [main] [info] update#setState updating
[2019-10-22 11:56:38.188] [main] [info] update#setState ready
[2019-10-22 11:56:40.416] [main] [info] update#setState idle
[2019-10-22 12:56:30.949] [main] [info] update#setState checking for updates
[2019-10-22 12:56:32.989] [main] [info] update#setState downloading
[2019-10-22 12:56:32.991] [main] [info] update#setState updating
[2019-10-22 12:56:33.182] [main] [info] update#setState ready
[2019-10-22 12:56:37.590] [main] [info] update#setState idle
[2019-10-22 14:25:20.761] [main] [info] update#setState checking for updates
[2019-10-22 14:25:29.818] [main] [info] update#setState downloading
[2019-10-22 14:25:29.907] [main] [info] update#setState updating
[2019-10-22 14:25:29.994] [main] [info] update#setState ready
[2019-10-22 14:49:16.464] [main] [info] update#setState idle
[2019-10-22 15:25:20.762] [main] [info] update#setState checking for updates
[2019-10-22 15:25:22.930] [main] [info] update#setState downloading
[2019-10-22 15:25:22.934] [main] [info] update#setState updating
[2019-10-22 15:25:23.056] [main] [info] update#setState ready
[2019-10-22 15:26:01.836] [main] [info] update#setState idle
[2019-10-22 16:25:20.785] [main] [info] update#setState checking for updates
[2019-10-22 16:25:22.887] [main] [info] update#setState downloading
[2019-10-22 16:25:22.890] [main] [info] update#setState updating
[2019-10-22 16:25:22.969] [main] [info] update#setState ready
[2019-10-22 16:25:26.736] [main] [info] update#setState idle
[2019-10-22 17:25:20.789] [main] [info] update#setState checking for updates
[2019-10-22 17:25:23.021] [main] [info] update#setState downloading
[2019-10-22 17:25:23.023] [main] [info] update#setState updating
[2019-10-22 17:25:23.161] [main] [info] update#setState ready
[2019-10-23 09:47:00.930] [main] [info] update#setState idle
[2019-10-23 10:45:54.538] [main] [info] update#setState checking for updates
[2019-10-23 10:45:57.753] [main] [info] update#setState downloading
[2019-10-23 10:45:57.764] [main] [info] update#setState updating
[2019-10-23 10:45:57.886] [main] [info] update#setState ready
[2019-10-23 12:10:47.037] [main] [info] update#setState idle
[2019-10-23 12:45:54.384] [main] [info] update#setState checking for updates
[2019-10-23 12:45:57.348] [main] [info] update#setState downloading
[2019-10-23 12:45:57.350] [main] [info] update#setState updating
[2019-10-23 12:45:57.427] [main] [info] update#setState ready
[2019-10-23 12:46:02.745] [main] [info] update#setState idle
[2019-10-23 15:46:57.029] [main] [info] update#setState checking for updates
[2019-10-23 15:46:58.844] [main] [error] Error: net::ERR_NETWORK_IO_SUSPENDED
[2019-10-23 15:46:58.844] [main] [info] update#setState idle
[2019-10-23 16:46:57.631] [main] [info] update#setState checking for updates
[2019-10-23 16:47:00.640] [main] [info] update#setState downloading
[2019-10-23 16:47:00.642] [main] [info] update#setState updating
[2019-10-23 16:47:00.824] [main] [info] update#setState ready
[2019-10-23 16:58:55.712] [main] [info] update#setState idle
[2019-10-23 17:46:57.675] [main] [info] update#setState checking for updates
[2019-10-23 17:46:58.314] [main] [info] update#setState downloading
[2019-10-23 17:46:58.317] [main] [info] update#setState updating
[2019-10-23 17:46:58.386] [main] [info] update#setState ready
[2019-10-23 17:47:03.472] [main] [info] update#setState idle
[2019-10-23 21:44:26.020] [main] [info] update#setState checking for updates
[2019-10-23 21:44:28.621] [main] [error] Error: net::ERR_NETWORK_IO_SUSPENDED
[2019-10-23 21:44:28.621] [main] [info] update#setState idle
[2019-10-24 10:18:48.264] [main] [info] update#setState checking for updates
[2019-10-24 10:18:50.867] [main] [error] Error: net::ERR_NETWORK_IO_SUSPENDED
[2019-10-24 10:18:50.867] [main] [info] update#setState idle
[2019-10-24 11:18:48.271] [main] [info] update#setState checking for updates
[2019-10-24 11:18:51.544] [main] [info] update#setState downloading
[2019-10-24 11:18:51.549] [main] [info] update#setState updating
[2019-10-24 11:18:51.758] [main] [info] update#setState ready
[2019-10-24 11:18:56.210] [main] [info] update#setState idle
[2019-10-24 12:18:48.366] [main] [info] update#setState checking for updates
[2019-10-24 12:18:51.354] [main] [info] update#setState downloading
[2019-10-24 12:18:51.356] [main] [info] update#setState updating
[2019-10-24 12:18:51.530] [main] [info] update#setState ready
[2019-10-24 12:18:56.290] [main] [info] update#setState idle
[2019-10-24 14:24:36.042] [main] [info] update#setState checking for updates
[2019-10-24 14:24:37.549] [main] [error] Error: net::ERR_NETWORK_IO_SUSPENDED
[2019-10-24 14:24:37.549] [main] [info] update#setState idle
[2019-10-24 15:24:36.581] [main] [info] update#setState checking for updates
[2019-10-24 15:24:39.625] [main] [info] update#setState downloading
[2019-10-24 15:24:39.685] [main] [info] update#setState updating
[2019-10-24 15:24:40.812] [main] [info] update#setState ready
[2019-10-24 15:24:43.063] [main] [info] update#setState idle
[2019-10-24 16:24:36.630] [main] [info] update#setState checking for updates
[2019-10-24 16:24:39.698] [main] [info] update#setState downloading
[2019-10-24 16:24:39.724] [main] [info] update#setState updating
[2019-10-24 16:24:39.770] [main] [info] update#setState ready
[2019-10-24 16:24:42.690] [main] [info] update#setState idle
[2019-10-24 17:24:36.650] [main] [info] update#setState checking for updates
[2019-10-24 17:24:39.590] [main] [info] update#setState downloading
[2019-10-24 17:24:39.593] [main] [info] update#setState updating
[2019-10-24 17:24:39.653] [main] [info] update#setState ready
[2019-10-25 14:25:48.225] [main] [info] update#setState idle
[2019-10-25 15:24:44.285] [main] [info] update#setState checking for updates
[2019-10-25 15:24:44.314] [main] [error] Error: net::ERR_PROXY_CONNECTION_FAILED
[2019-10-25 15:24:44.314] [main] [info] update#setState idle
[2019-10-25 16:24:44.307] [main] [info] update#setState checking for updates
[2019-10-25 16:24:44.402] [main] [error] Error: net::ERR_PROXY_CONNECTION_FAILED
[2019-10-25 16:24:44.402] [main] [info] update#setState idle
[2019-10-25 19:36:45.857] [main] [info] update#setState checking for updates
[2019-10-25 19:36:45.926] [main] [error] Error: net::ERR_NETWORK_IO_SUSPENDED
[2019-10-25 19:36:45.926] [main] [info] update#setState idle
[2019-10-25 22:53:44.841] [main] [info] update#setState checking for updates
[2019-10-25 22:53:45.000] [main] [error] Error: net::ERR_NETWORK_IO_SUSPENDED
[2019-10-25 22:53:45.000] [main] [info] update#setState idle
[2019-10-30 20:25:08.146] [main] [info] update#setState checking for updates
[2019-10-30 20:25:08.634] [main] [error] Error: net::ERR_NETWORK_IO_SUSPENDED
[2019-10-30 20:25:08.634] [main] [info] update#setState idle
[2019-10-30 21:25:08.158] [main] [info] update#setState checking for updates
[2019-10-30 21:25:10.600] [main] [info] update#setState downloading
[2019-10-30 21:25:10.603] [main] [info] update#setState updating
[2019-10-30 21:25:12.102] [main] [info] update#setState ready
[2019-10-31 13:24:23.696] [main] [info] update#setState idle
[2019-10-31 14:23:53.500] [main] [info] update#setState checking for updates
[2019-10-31 14:23:53.504] [main] [error] Error: net::ERR_INTERNET_DISCONNECTED
[2019-10-31 14:23:53.504] [main] [info] update#setState idle
[2019-10-31 15:23:53.519] [main] [info] update#setState checking for updates
[2019-10-31 15:23:53.561] [main] [error] Error: net::ERR_INTERNET_DISCONNECTED
[2019-10-31 15:23:53.561] [main] [info] update#setState idle
[2019-10-31 16:23:28.204] [main] [info] update#setState checking for updates
[2019-10-31 16:23:31.472] [main] [info] update#setState downloading
[2019-10-31 16:23:31.489] [main] [info] update#setState updating
[2019-10-31 16:23:32.053] [main] [info] update#setState ready
[2019-10-31 16:23:35.171] [main] [info] update#setState idle
[2019-10-31 17:23:28.211] [main] [info] update#setState checking for updates
[2019-10-31 17:23:28.220] [main] [error] Error: net::ERR_INTERNET_DISCONNECTED
[2019-10-31 17:23:28.220] [main] [info] update#setState idle
[2019-10-31 21:19:59.015] [main] [info] update#setState checking for updates
[2019-10-31 21:19:59.318] [main] [error] Error: net::ERR_NETWORK_IO_SUSPENDED
[2019-10-31 21:19:59.318] [main] [info] update#setState idle
[2019-11-01 11:35:30.183] [main] [info] update#setState checking for updates
[2019-11-01 11:35:32.603] [main] [error] Error: net::ERR_NETWORK_IO_SUSPENDED
[2019-11-01 11:35:32.603] [main] [info] update#setState idle
[2019-11-01 13:58:51.621] [main] [info] update#setState checking for updates
[2019-11-01 13:58:52.209] [main] [error] Error: net::ERR_NETWORK_IO_SUSPENDED
[2019-11-01 13:58:52.209] [main] [info] update#setState idle
